#
# There is insufficient memory for the Java Runtime Environment to continue.
# Native memory allocation (malloc) failed to allocate 1048576 bytes for AllocateHeap
# Possible reasons:
#   The system is out of physical RAM or swap space
#   In 32 bit mode, the process size limit was hit
# Possible solutions:
#   Reduce memory load on the system
#   Increase physical memory or swap space
#   Check if swap backing store is full
#   Use 64 bit Java on a 64 bit OS
#   Decrease Java heap size (-Xmx/-Xms)
#   Decrease number of Java threads
#   Decrease Java thread stack sizes (-Xss)
#   Set larger code cache with -XX:ReservedCodeCacheSize=
# This output file may be truncated or incomplete.
#
#  Out of Memory Error (memory/allocation.inline.hpp:61), pid=38460, tid=0x0000000000006e78
#
# JRE version:  (8.0_181-b13) (build )
# Java VM: Java HotSpot(TM) 64-Bit Server VM (25.181-b13 mixed mode windows-amd64 compressed oops)
# Failed to write core dump. Minidumps are not enabled by default on client versions of Windows
#

---------------  T H R E A D  ---------------

Current thread (0x0000000003153800):  JavaThread "Unknown thread" [_thread_in_vm, id=28280, stack(0x0000000002d80000,0x0000000002e80000)]

Stack: [0x0000000002d80000,0x0000000002e80000]
[error occurred during error reporting (printing stack bounds), id 0xc0000005]

Native frames: (J=compiled Java code, j=interpreted, Vv=VM code, C=native code)


---------------  P R O C E S S  ---------------

Java Threads: ( => current thread )

Other Threads:

=>0x0000000003153800 (exited) JavaThread "Unknown thread" [_thread_in_vm, id=28280, stack(0x0000000002d80000,0x0000000002e80000)]

VM state:not at safepoint (normal execution)

VM Mutex/Monitor currently owned by a thread: None

Heap:
 PSYoungGen      total 38400K, used 665K [0x00000000d5c00000, 0x00000000d8680000, 0x0000000100000000)
  eden space 33280K, 2% used [0x00000000d5c00000,0x00000000d5ca6670,0x00000000d7c80000)
  from space 5120K, 0% used [0x00000000d8180000,0x00000000d8180000,0x00000000d8680000)
  to   space 5120K, 0% used [0x00000000d7c80000,0x00000000d7c80000,0x00000000d8180000)
 ParOldGen       total 87552K, used 0K [0x0000000081400000, 0x0000000086980000, 0x00000000d5c00000)
  object space 87552K, 0% used [0x0000000081400000,0x0000000081400000,0x0000000086980000)
 Metaspace       used 775K, capacity 4480K, committed 4480K, reserved 1056768K
  class space    used 76K, capacity 384K, committed 384K, reserved 1048576K

Card table byte_map: [0x0000000012610000,0x0000000012a10000] byte_map_base: 0x0000000012206000

Marking Bits: (ParMarkBitMap*) 0x000000006a542d00
 Begin Bits: [0x00000000134c0000, 0x0000000015470000)
 End Bits:   [0x0000000015470000, 0x0000000017420000)

Polling page: 0x0000000000dd0000

CodeCache: size=245760Kb used=328Kb max_used=328Kb free=245431Kb
 bounds [0x0000000003250000, 0x00000000034c0000, 0x0000000012250000]
 total_blobs=58 nmethods=0 adapters=38
 compilation: enabled

Compilation events (0 events):
No events

GC Heap History (0 events):
No events

Deoptimization events (0 events):
No events

Classes redefined (0 events):
No events

Internal exceptions (0 events):
No events

Events (10 events):
Event: 0.557 loading class java/lang/Short
Event: 0.557 loading class java/lang/Short done
Event: 0.557 loading class java/lang/Integer
Event: 0.557 loading class java/lang/Integer done
Event: 0.557 loading class java/lang/Long
Event: 0.558 loading class java/lang/Long done
Event: 0.558 loading class java/lang/NullPointerException
Event: 0.558 loading class java/lang/NullPointerException done
Event: 0.558 loading class java/lang/ArithmeticException
Event: 0.558 loading class java/lang/ArithmeticException done


Dynamic libraries:
0x00007ff6cb570000 - 0x00007ff6cb5a7000 	D:\Program Files\Java\jdk1.8.0_181\bin\java.exe
0x00007ff964b40000 - 0x00007ff964d30000 	C:\WINDOWS\SYSTEM32\ntdll.dll
0x00007ff962f30000 - 0x00007ff962fe2000 	C:\WINDOWS\System32\KERNEL32.DLL
0x00007ff961d20000 - 0x00007ff961fc3000 	C:\WINDOWS\System32\KERNELBASE.dll
0x00007ff9639e0000 - 0x00007ff963a83000 	C:\WINDOWS\System32\ADVAPI32.dll
0x00007ff964320000 - 0x00007ff9643be000 	C:\WINDOWS\System32\msvcrt.dll
0x00007ff963b60000 - 0x00007ff963bf7000 	C:\WINDOWS\System32\sechost.dll
0x00007ff963c00000 - 0x00007ff963d20000 	C:\WINDOWS\System32\RPCRT4.dll
0x00007ff9640d0000 - 0x00007ff964264000 	C:\WINDOWS\System32\USER32.dll
0x00007ff961cf0000 - 0x00007ff961d11000 	C:\WINDOWS\System32\win32u.dll
0x00007ff962bf0000 - 0x00007ff962c16000 	C:\WINDOWS\System32\GDI32.dll
0x00007ff962050000 - 0x00007ff9621e4000 	C:\WINDOWS\System32\gdi32full.dll
0x00007ff961c50000 - 0x00007ff961cee000 	C:\WINDOWS\System32\msvcp_win.dll
0x00007ff961b50000 - 0x00007ff961c4a000 	C:\WINDOWS\System32\ucrtbase.dll
0x00007ff954150000 - 0x00007ff9543d5000 	C:\WINDOWS\WinSxS\amd64_microsoft.windows.common-controls_6595b64144ccf1df_6.0.18362.720_none_e6beb5c51314836b\COMCTL32.dll
0x00007ff963d90000 - 0x00007ff9640c6000 	C:\WINDOWS\System32\combase.dll
0x00007ff962ac0000 - 0x00007ff962b40000 	C:\WINDOWS\System32\bcryptPrimitives.dll
0x00007ff9642f0000 - 0x00007ff96431e000 	C:\WINDOWS\System32\IMM32.DLL
0x000000006b1b0000 - 0x000000006b282000 	D:\Program Files\Java\jdk1.8.0_181\jre\bin\msvcr100.dll
0x0000000069d20000 - 0x000000006a5c2000 	D:\Program Files\Java\jdk1.8.0_181\jre\bin\server\jvm.dll
0x00007ff9642e0000 - 0x00007ff9642e8000 	C:\WINDOWS\System32\PSAPI.DLL
0x00007ff95f9b0000 - 0x00007ff95f9d4000 	C:\WINDOWS\SYSTEM32\WINMM.dll
0x00007ff95b600000 - 0x00007ff95b60a000 	C:\WINDOWS\SYSTEM32\VERSION.dll
0x00007ff94eac0000 - 0x00007ff94eac9000 	C:\WINDOWS\SYSTEM32\WSOCK32.dll
0x00007ff963a90000 - 0x00007ff963aff000 	C:\WINDOWS\System32\WS2_32.dll
0x00007ff95f950000 - 0x00007ff95f97d000 	C:\WINDOWS\SYSTEM32\WINMMBASE.dll
0x00007ff961ad0000 - 0x00007ff961b1a000 	C:\WINDOWS\System32\cfgmgr32.dll
0x000000006b1a0000 - 0x000000006b1af000 	D:\Program Files\Java\jdk1.8.0_181\jre\bin\verify.dll
0x000000006b170000 - 0x000000006b199000 	D:\Program Files\Java\jdk1.8.0_181\jre\bin\java.dll
0x000000006b140000 - 0x000000006b163000 	D:\Program Files\Java\jdk1.8.0_181\jre\bin\instrument.dll
0x000000006b120000 - 0x000000006b136000 	D:\Program Files\Java\jdk1.8.0_181\jre\bin\zip.dll

VM Arguments:
jvm_args: -javaagent:D:\APP\IDEA2019\IntelliJ IDEA 2019.2.1\lib\idea_rt.jar=56817:D:\APP\IDEA2019\IntelliJ IDEA 2019.2.1\bin -Dfile.encoding=UTF-8 
java_command: Lecode.数组._15_三数之和
java_class_path (initial): D:\Program Files\Java\jdk1.8.0_181\jre\lib\charsets.jar;D:\Program Files\Java\jdk1.8.0_181\jre\lib\deploy.jar;D:\Program Files\Java\jdk1.8.0_181\jre\lib\ext\access-bridge-64.jar;D:\Program Files\Java\jdk1.8.0_181\jre\lib\ext\cldrdata.jar;D:\Program Files\Java\jdk1.8.0_181\jre\lib\ext\dnsns.jar;D:\Program Files\Java\jdk1.8.0_181\jre\lib\ext\jaccess.jar;D:\Program Files\Java\jdk1.8.0_181\jre\lib\ext\jfxrt.jar;D:\Program Files\Java\jdk1.8.0_181\jre\lib\ext\localedata.jar;D:\Program Files\Java\jdk1.8.0_181\jre\lib\ext\nashorn.jar;D:\Program Files\Java\jdk1.8.0_181\jre\lib\ext\sunec.jar;D:\Program Files\Java\jdk1.8.0_181\jre\lib\ext\sunjce_provider.jar;D:\Program Files\Java\jdk1.8.0_181\jre\lib\ext\sunmscapi.jar;D:\Program Files\Java\jdk1.8.0_181\jre\lib\ext\sunpkcs11.jar;D:\Program Files\Java\jdk1.8.0_181\jre\lib\ext\zipfs.jar;D:\Program Files\Java\jdk1.8.0_181\jre\lib\javaws.jar;D:\Program Files\Java\jdk1.8.0_181\jre\lib\jce.jar;D:\Program Files\Java\jdk1.8.0_181\jre\lib\jfr.jar;D:\Program Files\Java\jdk1.8.0_181\jre\lib\jfxswt.jar;D:\Program Files\Java\jdk1.8.0_181\jre\lib\jsse.jar;D:\Program Files\Java\jdk1.8.0_181\jre\lib\management-agent.jar;D:\Program Files\Java\jdk1.8.0_181\jre\lib\plugin.jar;D:\Program Files\Java\jdk1.8.0_181\jre\lib\resources.jar;D:\Program Files\Java\jdk1.8.0_181\jre\lib\rt.jar;D:\IDEAworkplace\suanfa\out\production\suanfa;D:\APP\IDEA2019\IntelliJ IDEA 2019.2.1\lib\idea_rt.jar
Launcher Type: SUN_STANDARD

Environment Variables:
JAVA_HOME=D:\Program Files\Java\jdk1.8.0_181
CLASSPATH=.;D:\Program Files\Java\jdk1.8.0_181\lib\dt.jar;D:\Program Files\Java\jdk1.8.0_181\lib\tools.jar
PATH=D:\Program Files\Java\jdk1.8.0_181\bin;D:\Program Files\Java\jdk1.8.0_181\jre\bin;C:\WINDOWS\system32;C:\WINDOWS;C:\WINDOWS\System32\Wbem;C:\WINDOWS\System32\WindowsPowerShell\v1.0\;C:\WINDOWS\System32\OpenSSH;D:\Program Files\MySQL\MySQL Server 8.0\bin;D:\Maven\apache-maven-3.6.2\bin;D:\python3.7\Scripts;D:\gradle-5.4.1-all\gradle-5.4.1\bin;C:\Users\chenhanhao\AppData\Roaming\nvm;C:\Program Files\nodejs;C:\WINDOWS\System32\OpenSSH\;D:\APP\MATLAB2016a\runtime\win64;D:\APP\MATLAB2016a\bin;D:\APP\MATLAB2016\runtime\win64;D:\APP\MATLAB2016\bin;D:\APP\MATLAB2016\polyspace\bin;D:\APP\MATLAB2016a\polyspace\bin;D:\APP\TortoiseGit\bin;C:\Program Files\nodejs\;C:\Users\chenhanhao\AppData\Local\Microsoft\WindowsApps;D:\APP\PyCharm\PyCharm 2019.1\bin;C:\Users\chenhanhao\AppData\Local\GitHubDesktop\bin;D:\APP\vs_code\Microsoft VS Code\bin;C:\Users\chenhanhao\AppData\Roaming\nvm;C:\Program Files\nodejs;C:\Users\chenhanhao\AppData\Local\Microsoft\WindowsApps;C:\Users\chenhanhao\AppData\Roaming\npm;C:\Users\chenhanhao\AppData\Roaming\nvm\v6.16.0\node_modules\npm;C:\Users\chenhanhao\AppData\Local\Pandoc\
USERNAME=chenhanhao
OS=Windows_NT
PROCESSOR_IDENTIFIER=Intel64 Family 6 Model 158 Stepping 9, GenuineIntel



---------------  S Y S T E M  ---------------

OS: Windows 10.0 , 64 bit Build 18362 (10.0.18362.329)

CPU:total 8 (initial active 8) (4 cores per cpu, 2 threads per core) family 6 model 158 stepping 9, cmov, cx8, fxsr, mmx, sse, sse2, sse3, ssse3, sse4.1, sse4.2, popcnt, avx, avx2, aes, clmul, erms, 3dnowpref, lzcnt, ht, tsc, tscinvbit, bmi1, bmi2, adx

Memory: 4k page, physical 8302872k(525300k free), swap 19989680k(6124k free)

vm_info: Java HotSpot(TM) 64-Bit Server VM (25.181-b13) for windows-amd64 JRE (1.8.0_181-b13), built on Jul  7 2018 04:01:33 by "java_re" with MS VC++ 10.0 (VS2010)

time: Mon Mar 23 14:03:35 2020
elapsed time: 0 seconds (0d 0h 0m 0s)

